Klip session started
Capture target switched to active window.
Encoder rejected the requested configuration: h264_qsv (Invalid argument)
Encoder rejected the requested configuration: hevc_qsv (Invalid argument)
Encoder rejected the requested configuration: h264_nvenc (Operation not permitted)
Encoder rejected the requested configuration: hevc_nvenc (Operation not permitted)
Encoder rejected the requested configuration: h264_amf (Unknown error occurred)
Encoder rejected the requested configuration: hevc_amf (Unknown error occurred)
Opened encoder: h264_mf
Capture target switched to active window.
Capture target switched to full desktop.
Capture target switched to full desktop.
Encoder rejected the requested configuration: h264_qsv (Invalid argument)
Encoder rejected the requested configuration: hevc_qsv (Invalid argument)
Encoder rejected the requested configuration: h264_nvenc (Operation not permitted)
Encoder rejected the requested configuration: hevc_nvenc (Operation not permitted)
Encoder rejected the requested configuration: h264_amf (Unknown error occurred)
Encoder rejected the requested configuration: hevc_amf (Unknown error occurred)
Opened encoder: h264_mf
Capture target switched to full desktop.
Capture target switched to full desktop.
Capture target switched to full desktop.
Capture target switched to full desktop.
Capture target switched to full desktop.
Capture target switched to full desktop.
Capture target switched to full desktop.
Capture target switched to full desktop.
Capture target switched to full desktop.
Capture target switched to full desktop.
Capture target switched to full desktop.
Capture target switched to full desktop.
Capture target switched to full desktop.
